<?xml version="1.0" encoding="UTF-8"?>
<!-- Generated by org.testng.reporters.JUnitXMLReporter -->
<testsuite hostname="DESKTOP-F0NG1DC" ignored="0" name="Default test" tests="4" failures="0" timestamp="2022-07-20T13:10:31 EAT" time="77.65" errors="0">
  <testcase name="Empty_fields" time="1.392" classname="functionalTests.testsByBrian.tests.SignIn.Validation_messages_for_required_fields"/>
  <testcase name="Incorrect_email" time="2.309" classname="functionalTests.testsByBrian.tests.SignIn.Validation_messages_for_required_fields"/>
  <testcase name="Password_less_than_6_symbols" time="3.173" classname="functionalTests.testsByBrian.tests.SignIn.Validation_messages_for_required_fields"/>
  <testcase name="Add_valid_data" time="5.85" classname="functionalTests.testsByBrian.tests.SignIn.Validation_messages_for_required_fields"/>
</testsuite> <!-- Default test -->
