<?xml version="1.0" encoding="UTF-8"?>
<testng-results skipped="0" failed="1" ignored="0" total="2" passed="1">
  <reporter-output>
  </reporter-output>
  <suite name="Default suite" duration-ms="27769" started-at="2022-07-28T18:24:28 EAT" finished-at="2022-07-28T18:24:55 EAT">
    <groups>
    </groups>
    <test name="Default test" duration-ms="27769" started-at="2022-07-28T18:24:28 EAT" finished-at="2022-07-28T18:24:55 EAT">
      <class name="functionalTests.testsByBrian.tests.Cart.Full_cart">
        <test-method status="PASS" signature="beforeEach()[pri:0, instance:functionalTests.testsByBrian.tests.Cart.Full_cart@61e3a1fd]" name="beforeEach" is-config="true" duration-ms="8353" started-at="2022-07-28T18:24:28 EAT" finished-at="2022-07-28T18:24:36 EAT">
          <reporter-output>
          </reporter-output>
        </test-method> <!-- beforeEach -->
        <test-method status="PASS" signature="Add_1_product()[pri:0, instance:functionalTests.testsByBrian.tests.Cart.Full_cart@61e3a1fd]" name="Add_1_product" duration-ms="1752" started-at="2022-07-28T18:24:36 EAT" finished-at="2022-07-28T18:24:38 EAT">
          <reporter-output>
          </reporter-output>
        </test-method> <!-- Add_1_product -->
        <test-method status="PASS" signature="beforeEach()[pri:0, instance:functionalTests.testsByBrian.tests.Cart.Full_cart@61e3a1fd]" name="beforeEach" is-config="true" duration-ms="2285" started-at="2022-07-28T18:24:38 EAT" finished-at="2022-07-28T18:24:40 EAT">
          <reporter-output>
          </reporter-output>
        </test-method> <!-- beforeEach -->
        <test-method status="FAIL" signature="Add_over_10_products()[pri:1, instance:functionalTests.testsByBrian.tests.Cart.Full_cart@61e3a1fd]" name="Add_over_10_products" duration-ms="5440" started-at="2022-07-28T18:24:40 EAT" finished-at="2022-07-28T18:24:46 EAT">
          <exception class="org.openqa.selenium.ElementClickInterceptedException">
            <message>
              <![CDATA[element click intercepted: Element is not clickable at point (675, 802)
  (Session info: chrome=103.0.5060.134)
Build info: version: '4.3.0', revision: 'a4995e2c09*'
System info: host: 'DESKTOP-F0NG1DC', ip: '172.20.10.6', os.name: 'Windows 10', os.arch: 'amd64', os.version: '10.0', java.version: '1.8.0_111'
Driver info: org.openqa.selenium.chrome.ChromeDriver
Command: [b91540ab677e8f043c4c6827b24fcd4e, clickElement {id=0787e058-7708-461b-b852-e5ffd5e15028}]
Capabilities {acceptInsecureCerts: false, browserName: chrome, browserVersion: 103.0.5060.134, chrome: {chromedriverVersion: 103.0.5060.134 (8ec6fce403b..., userDataDir: C:\Users\Brian\AppData\Loca...}, goog:chromeOptions: {debuggerAddress: localhost:59418}, networkConnectionEnabled: false, pageLoadStrategy: normal, platformName: WINDOWS, proxy: Proxy(), se:cdp: ws://localhost:59418/devtoo..., se:cdpVersion: 103.0.5060.134, setWindowRect: true, strictFileInteractability: false, timeouts: {implicit: 0, pageLoad: 300000, script: 30000}, unhandledPromptBehavior: dismiss and notify, webauthn:extension:credBlob: true, webauthn:extension:largeBlob: true, webauthn:virtualAuthenticators: true}
Element: [[[[[org.openqa.selenium.remote.RemoteWebElement@296c9422 -> unknown locator]] -> tag name: ul]] -> tag name: li]
Session ID: b91540ab677e8f043c4c6827b24fcd4e]]>
            </message>
            <full-stacktrace>
              <![CDATA[org.openqa.selenium.ElementClickInterceptedException: element click intercepted: Element is not clickable at point (675, 802)
  (Session info: chrome=103.0.5060.134)
Build info: version: '4.3.0', revision: 'a4995e2c09*'
System info: host: 'DESKTOP-F0NG1DC', ip: '172.20.10.6', os.name: 'Windows 10', os.arch: 'amd64', os.version: '10.0', java.version: '1.8.0_111'
Driver info: org.openqa.selenium.chrome.ChromeDriver
Command: [b91540ab677e8f043c4c6827b24fcd4e, clickElement {id=0787e058-7708-461b-b852-e5ffd5e15028}]
Capabilities {acceptInsecureCerts: false, browserName: chrome, browserVersion: 103.0.5060.134, chrome: {chromedriverVersion: 103.0.5060.134 (8ec6fce403b..., userDataDir: C:\Users\Brian\AppData\Loca...}, goog:chromeOptions: {debuggerAddress: localhost:59418}, networkConnectionEnabled: false, pageLoadStrategy: normal, platformName: WINDOWS, proxy: Proxy(), se:cdp: ws://localhost:59418/devtoo..., se:cdpVersion: 103.0.5060.134, setWindowRect: true, strictFileInteractability: false, timeouts: {implicit: 0, pageLoad: 300000, script: 30000}, unhandledPromptBehavior: dismiss and notify, webauthn:extension:credBlob: true, webauthn:extension:largeBlob: true, webauthn:virtualAuthenticators: true}
Element: [[[[[org.openqa.selenium.remote.RemoteWebElement@296c9422 -> unknown locator]] -> tag name: ul]] -> tag name: li]
Session ID: b91540ab677e8f043c4c6827b24fcd4e
at sun.reflect.NativeConstructorAccessorImpl.newInstance0(Native Method)
at sun.reflect.NativeConstructorAccessorImpl.newInstance(Unknown Source)
at sun.reflect.DelegatingConstructorAccessorImpl.newInstance(Unknown Source)
at java.lang.reflect.Constructor.newInstance(Unknown Source)
at org.openqa.selenium.remote.codec.w3c.W3CHttpResponseCodec.createException(W3CHttpResponseCodec.java:200)
at org.openqa.selenium.remote.codec.w3c.W3CHttpResponseCodec.decode(W3CHttpResponseCodec.java:133)
at org.openqa.selenium.remote.codec.w3c.W3CHttpResponseCodec.decode(W3CHttpResponseCodec.java:53)
at org.openqa.selenium.remote.HttpCommandExecutor.execute(HttpCommandExecutor.java:184)
at org.openqa.selenium.remote.service.DriverCommandExecutor.invokeExecute(DriverCommandExecutor.java:167)
at org.openqa.selenium.remote.service.DriverCommandExecutor.execute(DriverCommandExecutor.java:142)
at org.openqa.selenium.remote.RemoteWebDriver.execute(RemoteWebDriver.java:569)
at org.openqa.selenium.remote.RemoteWebElement.execute(RemoteWebElement.java:257)
at org.openqa.selenium.remote.RemoteWebElement.click(RemoteWebElement.java:78)
at functionalTests.testsByBrian.tests.Cart.Full_cart.lambda$3(Full_cart.java:138)
at java.util.ArrayList.forEach(Unknown Source)
at functionalTests.testsByBrian.tests.Cart.Full_cart.lambda$2(Full_cart.java:135)
at java.util.ArrayList.forEach(Unknown Source)
at functionalTests.testsByBrian.tests.Cart.Full_cart.Add_over_10_products(Full_cart.java:122)
at sun.reflect.NativeMethodAccessorImpl.invoke0(Native Method)
at sun.reflect.NativeMethodAccessorImpl.invoke(Unknown Source)
at sun.reflect.DelegatingMethodAccessorImpl.invoke(Unknown Source)
at java.lang.reflect.Method.invoke(Unknown Source)
at org.testng.internal.MethodInvocationHelper.invokeMethod(MethodInvocationHelper.java:133)
at org.testng.internal.TestInvoker.invokeMethod(TestInvoker.java:598)
at org.testng.internal.TestInvoker.invokeTestMethod(TestInvoker.java:173)
at org.testng.internal.MethodRunner.runInSequence(MethodRunner.java:46)
at org.testng.internal.TestInvoker$MethodInvocationAgent.invoke(TestInvoker.java:824)
at org.testng.internal.TestInvoker.invokeTestMethods(TestInvoker.java:146)
at org.testng.internal.TestMethodWorker.invokeTestMethods(TestMethodWorker.java:146)
at org.testng.internal.TestMethodWorker.run(TestMethodWorker.java:128)
at java.util.ArrayList.forEach(Unknown Source)
at org.testng.TestRunner.privateRun(TestRunner.java:794)
at org.testng.TestRunner.run(TestRunner.java:596)
at org.testng.SuiteRunner.runTest(SuiteRunner.java:377)
at org.testng.SuiteRunner.runSequentially(SuiteRunner.java:371)
at org.testng.SuiteRunner.privateRun(SuiteRunner.java:332)
at org.testng.SuiteRunner.run(SuiteRunner.java:276)
at org.testng.SuiteRunnerWorker.runSuite(SuiteRunnerWorker.java:53)
at org.testng.SuiteRunnerWorker.run(SuiteRunnerWorker.java:96)
at org.testng.TestNG.runSuitesSequentially(TestNG.java:1212)
at org.testng.TestNG.runSuitesLocally(TestNG.java:1134)
at org.testng.TestNG.runSuites(TestNG.java:1063)
at org.testng.TestNG.run(TestNG.java:1031)
at org.testng.remote.AbstractRemoteTestNG.run(AbstractRemoteTestNG.java:115)
at org.testng.remote.RemoteTestNG.initAndRun(RemoteTestNG.java:251)
at org.testng.remote.RemoteTestNG.main(RemoteTestNG.java:77)
]]>
            </full-stacktrace>
          </exception> <!-- org.openqa.selenium.ElementClickInterceptedException -->
          <reporter-output>
          </reporter-output>
        </test-method> <!-- Add_over_10_products -->
        <test-method status="PASS" signature="tearDown()[pri:0, instance:functionalTests.testsByBrian.tests.Cart.Full_cart@61e3a1fd]" name="tearDown" is-config="true" duration-ms="9839" started-at="2022-07-28T18:24:46 EAT" finished-at="2022-07-28T18:24:55 EAT">
          <reporter-output>
          </reporter-output>
        </test-method> <!-- tearDown -->
      </class> <!-- functionalTests.testsByBrian.tests.Cart.Full_cart -->
    </test> <!-- Default test -->
  </suite> <!-- Default suite -->
</testng-results>
