<?xml version="1.0" encoding="UTF-8"?>
<testng-results skipped="0" failed="0" ignored="0" total="1" passed="1">
  <reporter-output>
  </reporter-output>
  <suite name="Default suite" duration-ms="26592" started-at="2022-07-27T11:31:37 EAT" finished-at="2022-07-27T11:32:04 EAT">
    <groups>
    </groups>
    <test name="Default test" duration-ms="26592" started-at="2022-07-27T11:31:37 EAT" finished-at="2022-07-27T11:32:04 EAT">
      <class name="functionalTests.testsByBrian.tests.Cart.Full_cart">
        <test-method status="PASS" signature="beforeEach()[pri:0, instance:functionalTests.testsByBrian.tests.Cart.Full_cart@51abf713]" name="beforeEach" is-config="true" duration-ms="12674" started-at="2022-07-27T11:31:37 EAT" finished-at="2022-07-27T11:31:50 EAT">
          <reporter-output>
          </reporter-output>
        </test-method> <!-- beforeEach -->
        <test-method status="PASS" signature="Add_1_product()[pri:0, instance:functionalTests.testsByBrian.tests.Cart.Full_cart@51abf713]" name="Add_1_product" duration-ms="3929" started-at="2022-07-27T11:31:50 EAT" finished-at="2022-07-27T11:31:54 EAT">
          <reporter-output>
          </reporter-output>
        </test-method> <!-- Add_1_product -->
        <test-method status="PASS" signature="tearDown()[pri:0, instance:functionalTests.testsByBrian.tests.Cart.Full_cart@51abf713]" name="tearDown" is-config="true" duration-ms="9929" started-at="2022-07-27T11:31:54 EAT" finished-at="2022-07-27T11:32:04 EAT">
          <reporter-output>
          </reporter-output>
        </test-method> <!-- tearDown -->
      </class> <!-- functionalTests.testsByBrian.tests.Cart.Full_cart -->
    </test> <!-- Default test -->
  </suite> <!-- Default suite -->
</testng-results>
